SF:lib/src/domain/auth_failure.freezed.dart
DA:10,0
DA:12,0
DA:17,1
DA:19,0
DA:23,0
DA:27,0
DA:31,0
DA:35,0
DA:39,0
DA:43,0
DA:47,0
DA:51,0
DA:61,0
DA:73,0
DA:74,0
DA:87,0
DA:88,0
DA:101,0
DA:102,0
DA:116,0
DA:128,0
DA:146,0
DA:148,0
DA:150,0
DA:151,0
DA:156,2
DA:158,0
DA:163,0
DA:165,0
DA:168,0
DA:169,0
DA:171,0
DA:184,0
DA:187,0
DA:202,0
DA:204,0
DA:207,0
DA:221,0
DA:224,0
DA:240,0
DA:242,0
DA:260,0
DA:262,0
DA:264,0
DA:265,0
DA:270,2
DA:272,0
DA:277,0
DA:279,0
DA:282,0
DA:283,0
DA:285,0
DA:298,0
DA:301,0
DA:316,0
DA:318,0
DA:321,0
DA:335,0
DA:338,0
DA:354,0
DA:356,0
DA:375,0
DA:377,0
DA:379,0
DA:380,0
DA:385,3
DA:387,0
DA:392,1
DA:394,0
DA:397,0
DA:398,0
DA:400,0
DA:413,0
DA:416,0
DA:431,0
DA:433,0
DA:436,0
DA:450,0
DA:453,0
DA:469,0
DA:471,0
DA:491,0
DA:494,0
DA:496,0
DA:498,0
DA:504,2
DA:506,0
DA:511,0
DA:514,0
DA:517,0
DA:518,0
DA:520,0
DA:533,0
DA:536,0
DA:551,0
DA:553,0
DA:556,0
DA:570,0
DA:573,0
DA:589,0
DA:591,0
DA:611,0
DA:613,0
DA:615,0
DA:616,0
DA:621,2
DA:623,0
DA:628,0
DA:630,0
DA:633,0
DA:634,0
DA:636,0
DA:649,0
DA:652,0
DA:667,0
DA:669,0
DA:672,0
DA:686,0
DA:689,0
DA:705,0
DA:707,0
DA:725,0
DA:727,0
DA:729,0
DA:730,0
DA:735,3
DA:737,0
DA:742,1
DA:744,0
DA:747,0
DA:748,0
DA:750,0
DA:763,0
DA:766,0
DA:781,0
DA:783,0
DA:786,0
DA:800,0
DA:803,0
DA:819,0
DA:821,0
DA:839,0
DA:841,0
DA:843,0
DA:844,0
DA:849,3
DA:851,0
DA:856,1
DA:858,0
DA:861,0
DA:862,0
DA:864,0
DA:877,0
DA:880,0
DA:895,0
DA:897,0
DA:900,0
DA:914,0
DA:917,0
DA:933,0
DA:935,0
DA:954,0
DA:956,0
DA:958,0
DA:959,0
DA:964,3
DA:966,0
DA:971,1
DA:973,0
DA:976,0
DA:977,0
DA:979,0
DA:992,0
DA:995,0
DA:1010,0
DA:1012,0
DA:1015,0
DA:1029,0
DA:1032,0
DA:1048,0
DA:1050,0
DA:1069,0
DA:1071,0
DA:1073,0
DA:1074,0
DA:1079,2
DA:1081,0
DA:1086,0
DA:1088,0
DA:1091,0
DA:1092,0
DA:1094,0
DA:1107,0
DA:1110,0
DA:1125,0
DA:1127,0
DA:1130,0
DA:1144,0
DA:1147,0
DA:1163,0
DA:1165,0
LF:201
LH:14
end_of_record
SF:lib/src/infrastructure/firebase_auth_facade.dart
DA:16,1
DA:41,0
DA:47,0
DA:48,0
DA:49,0
DA:50,0
DA:60,1
DA:61,2
DA:64,1
DA:65,3
DA:70,1
DA:73,1
DA:76,0
DA:77,0
DA:79,3
DA:85,1
DA:86,2
DA:88,2
DA:90,2
DA:92,2
DA:94,0
DA:103,0
DA:105,0
DA:108,0
DA:110,0
DA:115,0
DA:117,0
DA:118,0
DA:119,0
DA:120,0
DA:130,0
DA:132,0
DA:134,0
DA:135,0
DA:136,0
DA:137,0
DA:139,0
DA:140,0
DA:144,0
DA:145,0
DA:146,0
DA:149,0
DA:150,0
DA:151,0
DA:153,0
DA:155,0
DA:157,0
DA:159,0
DA:161,0
DA:162,0
DA:163,0
DA:167,0
DA:168,0
DA:178,0
DA:181,0
DA:186,0
DA:187,0
DA:198,0
DA:200,0
DA:201,0
DA:202,0
DA:203,0
DA:204,0
DA:207,0
DA:208,0
DA:209,0
DA:210,0
DA:212,0
DA:213,0
DA:214,0
DA:215,0
DA:216,0
DA:217,0
DA:219,0
DA:220,0
DA:221,0
DA:223,0
DA:226,0
DA:227,0
DA:228,0
DA:232,0
DA:233,0
DA:240,0
DA:242,0
DA:246,0
DA:247,0
DA:248,0
DA:249,0
DA:250,0
DA:252,0
DA:254,0
DA:256,0
DA:257,0
DA:258,0
DA:259,0
DA:268,0
DA:269,0
DA:272,0
DA:273,0
DA:275,0
DA:277,0
DA:278,0
DA:279,0
DA:283,0
DA:284,0
DA:285,0
DA:286,0
DA:287,0
DA:288,0
DA:291,0
DA:292,0
DA:293,0
DA:294,0
DA:295,0
DA:296,0
DA:297,0
DA:298,0
DA:299,0
DA:300,0
DA:301,0
DA:302,0
DA:303,0
DA:304,0
DA:305,0
DA:306,0
DA:307,0
DA:308,0
DA:309,0
DA:310,0
DA:312,0
LF:130
LH:13
end_of_record
